<?xml version="1.0" encoding="UTF-8"?>
<testsuite name="com.xp.home.SmartHomeTest" tests="1" skipped="0" failures="0" errors="0" timestamp="2020-02-21T03:25:33" hostname="rfangs-MBP-15" time="0.255">
  <properties/>
  <testcase name="givenSwitchIsOn_whenRun_bulbTurnsOn2" classname="com.xp.home.SmartHomeTest" time="0.255"/>
  <system-out><![CDATA[]]></system-out>
  <system-err><![CDATA[]]></system-err>
</testsuite>
